Started on Jun 6, 2018 10:40:00 AM
Using strategy: Default
[poll] Last Built Revision: Revision 184d01b0397cd85ef37e50d2377fb32f48406655 (refs/remotes/origin/master)
 > git --version # timeout=10
using GIT_ASKPASS to set credentials 
 > git ls-remote -h https://github.com/ctproject4/bmi3.git # timeout=10
FATAL: hudson.plugins.git.GitException: Command "git ls-remote -h https://github.com/ctproject4/bmi3.git" returned status code 128:
stdout: 
stderr: fatal: unable to access 'https://github.com/ctproject4/bmi3.git/': Empty reply from server

hudson.plugins.git.GitException: Command "git ls-remote -h https://github.com/ctproject4/bmi3.git" returned status code 128:
stdout: 
stderr: fatal: unable to access 'https://github.com/ctproject4/bmi3.git/': Empty reply from server

	at org.jenkinsci.plugins.gitclient.CliGitAPIImpl.launchCommandIn(CliGitAPIImpl.java:1996)
	at org.jenkinsci.plugins.gitclient.CliGitAPIImpl.launchCommandWithCredentials(CliGitAPIImpl.java:1715)
	at org.jenkinsci.plugins.gitclient.CliGitAPIImpl.launchCommandWithCredentials(CliGitAPIImpl.java:1625)
	at org.jenkinsci.plugins.gitclient.CliGitAPIImpl.launchCommandWithCredentials(CliGitAPIImpl.java:1616)
	at org.jenkinsci.plugins.gitclient.CliGitAPIImpl.getHeadRev(CliGitAPIImpl.java:2778)
	at hudson.plugins.git.GitSCM.compareRemoteRevisionWithImpl(GitSCM.java:672)
	at hudson.plugins.git.GitSCM.compareRemoteRevisionWith(GitSCM.java:631)
Caused: java.io.IOException
	at hudson.plugins.git.GitSCM.compareRemoteRevisionWith(GitSCM.java:633)
	at hudson.scm.SCM.compareRemoteRevisionWith(SCM.java:400)
	at hudson.scm.SCM.poll(SCM.java:417)
	at hudson.model.AbstractProject._poll(AbstractProject.java:1390)
	at hudson.model.AbstractProject.poll(AbstractProject.java:1293)
	at hudson.triggers.SCMTrigger$Runner.runPolling(SCMTrigger.java:603)
	at hudson.triggers.SCMTrigger$Runner.run(SCMTrigger.java:649)
	at hudson.util.SequentialExecutionQueue$QueueEntry.run(SequentialExecutionQueue.java:119)
	at java.util.concurrent.Executors$RunnableAdapter.call(Executors.java:511)
	at java.util.concurrent.FutureTask.run(FutureTask.java:266)
	at java.util.concurrent.ThreadPoolExecutor.runWorker(ThreadPoolExecutor.java:1149)
	at java.util.concurrent.ThreadPoolExecutor$Worker.run(ThreadPoolExecutor.java:624)
	at java.lang.Thread.run(Thread.java:748)
Done. Took 18 sec
No changes
